[2016-07-31 23:25:32]:mSleep函数:成功
[2016-07-31 23:25:35]:snapshot函数:成功
[2016-07-31 23:25:38]:saveImageToAlbum函数:成功
[2016-07-31 23:25:43]:deviceIsLock函数:成功
[2016-07-31 23:25:44]:unlockDevice函数:成功
[2016-07-31 23:25:53]:pressHomeKey函数:成功
[2016-07-31 23:25:55]:doublePressHomeKey函数:成功
[2016-07-31 23:26:01]:touchMove函数:成功
[2016-07-31 23:26:10]:runApp函数:失败
[2016-07-31 23:26:11]:frontAppBid函数:失败
[2016-07-31 23:26:14]:appIsRunning函数:失败
[2016-07-31 23:26:20]:closeApp函数:成功
[2016-07-31 23:26:30]:setBTEnable函数:成功
[2016-07-31 23:26:42]:setWifiEnable函数:成功
[2016-07-31 23:26:48]:setAirplaneMode函数:成功
[2016-07-31 23:27:43]:fakeGPS函数:失败
[2016-07-31 23:27:50]:getColor函数:失败
[2016-07-31 23:27:52]:getColorRGB函数:失败
[2016-07-31 23:27:54]:findColorInRegionFuzzy函数:失败
[2016-07-31 23:27:58]:findImageInRegionFuzzy函数:成功
[2016-07-31 23:28:03]:findMultiColorInRegionFuzzy函数:成功
[2016-07-31 23:28:38]:findMultiColorInRegionFuzzyExt函数:失败
[2016-07-31 23:28:47]:inputText函数:失败
[2016-07-31 23:28:50]:keepScreen函数:成功
